<?xml version="1.0" encoding="UTF-8"?>
<!-- Generated by org.testng.reporters.JUnitReportReporter -->
<testsuite hostname="DESKTOP-VP7NJAU" failures="0" tests="1" name="Test_component.TC05_Validate_Belowlink" time="47.905" errors="0" timestamp="2024-02-18T18:40:25 IST" skipped="0">
  <testcase classname="Test_component.TC05_Validate_Belowlink" name="Testcases_validatebelowlink" time="47.905"/>
  <system-out/>
</testsuite> <!-- Test_component.TC05_Validate_Belowlink -->
