<?xml version="1.0" encoding="UTF-8"?>
<!-- Generated by org.testng.reporters.JUnitReportReporter -->
<testsuite hostname="DESKTOP-VP7NJAU" failures="0" tests="1" name="Test_component.TC04_HomePage" time="36.416" errors="0" timestamp="2024-02-18T18:45:51 IST" skipped="0">
  <testcase classname="Test_component.TC04_HomePage" name="TsetCases_Homepage" time="36.416"/>
  <system-out/>
</testsuite> <!-- Test_component.TC04_HomePage -->
