<?xml version="1.0" encoding="UTF-8"?>
<!-- Generated by org.testng.reporters.JUnitReportReporter -->
<testsuite hostname="DESKTOP-VP7NJAU" failures="0" tests="1" name="Test_component.TestCases1" time="19.744" errors="0" timestamp="2024-02-17T19:51:25 IST" skipped="0">
  <testcase classname="Test_component.TestCases1" name="TestCases02_User_Login" time="19.744"/>
  <system-out/>
</testsuite> <!-- Test_component.TestCases1 -->
