<?xml version="1.0" encoding="UTF-8"?>
<!-- Generated by org.testng.reporters.JUnitReportReporter -->
<testsuite hostname="DESKTOP-VP7NJAU" failures="0" tests="1" name="Test_component.TC02_User_Login" time="22.298" errors="0" timestamp="2024-02-18T18:40:25 IST" skipped="0">
  <testcase classname="Test_component.TC02_User_Login" name="TestCases02_User_Login" time="22.298"/>
  <system-out/>
</testsuite> <!-- Test_component.TC02_User_Login -->
